Drill Listing
=============
Drill: .04  Tool: 1  Feed: 0  Speed: 0
X 557874  Y 429606
X 557874  Y 439606
X 569685  Y 363897
X 569685  Y 373897
X 557874  Y 449606

Drill: .05  Tool: 2  Feed: 0  Speed: 0
X 378740  Y 321653
X 378740  Y 364173
X 530315  Y 353149
X 530315  Y 321653

Drill: .052  Tool: 3  Feed: 0  Speed: 0
X 325000  Y 385000
X 325000  Y 405000
X 630708  Y 373149
X 630708  Y 353149
X 630708  Y 455511
X 520866  Y 445669
X 472834  Y 445669
X 464960  Y 469291
X 325000  Y 425000
X 325000  Y 445000
X 325000  Y 465000
X 472834  Y 492913
X 520866  Y 492913
X 630708  Y 495511
X 630708  Y 475511

Drill: .1378  Tool: 4  Feed: 0  Speed: 0
X 325590  Y 323622
X 595275  Y 323622
X 595275  Y 528346
X 325984  Y 528346

End of Listing
